<?xml version="1.0" encoding="UTF-8"?>
<testsuite xmlns:xsi="http://www.w3.org/2001/XMLSchema-instance" xsi:noNamespaceSchemaLocation="https://maven.apache.org/surefire/maven-surefire-plugin/xsd/surefire-test-report.xsd" name="code.MyServiceTest" time="0.316" tests="7" errors="0" skipped="0" failures="0">
  <properties>
[...]
</properties>
  <testcase name="testVerifyInteraction" classname="code.MyServiceTest" time="0.284"/>
  <testcase name="testVerifyInteractionWithSpecificArguments" classname="code.MyServiceTest" time="0.002"/>
  <testcase name="testVerifyNeverCalled" classname="code.MyServiceTest" time="0.002"/>
  <testcase name="testVerifyInteractionOrder" classname="code.MyServiceTest" time="0.005"/>
  <testcase name="testVerifyInteractionTimes" classname="code.MyServiceTest" time="0.001"/>
  <testcase name="testVerifyWithExactArgumentAndOtherVerifications" classname="code.MyServiceTest" time="0.002"/>
  <testcase name="testVerifyInteractionWithArgumentMatchers" classname="code.MyServiceTest" time="0.002"/>
</testsuite>